2021-01-19 11:25:12,897  - INFO - ----  test_login_001-用户名正确 密码正确 查看是否登录成功_//div[contains(@class,'active')]//div[contains(@class,'skip')]-click跳过         ----
2021-01-19 11:25:15,257  - INFO - ----  test_login_001-用户名正确 密码正确 查看是否登录成功_//img[contains(@class,'wf-setting-btn')]-click设置服务器         ----
2021-01-19 11:25:16,035  - INFO - ----  test_login_001-用户名正确 密码正确 查看是否登录成功_//div[contains(@class,'wf-left-shift')]/div[2]//input-set_value服务器文本框http://10.10.88.198/WorkForce        ----
2021-01-19 11:25:17,590  - INFO - ----  test_login_001-用户名正确 密码正确 查看是否登录成功_//div[contains(@class,'wf-left-shift')]/div[3]/div[1]-click选择语言         ----
2021-01-19 11:25:18,310  - INFO - ----  test_login_001-用户名正确 密码正确 查看是否登录成功_滑动选择        ----
2021-01-19 11:25:18,333  - INFO - ----  test_login_001-用户名正确 密码正确 查看是否登录成功_//div[contains(@class,'wf-left-shift')]/div[3]//div[contains(@class,'picker-selected')]-get_value当前old选中值         ----
2021-01-19 11:25:19,234  - INFO - ----  test_login_001-用户名正确 密码正确 查看是否登录成功_//div[contains(@class,'wf-left-shift')]/div[3]//div[contains(@class,'picker-slot-wrapper')]/div[contains(text(), 'English')]-click目标值         ----
2021-01-19 11:25:19,913  - INFO - ----  test_login_001-用户名正确 密码正确 查看是否登录成功_//div[contains(@class,'wf-left-shift')]/div[3]//div[contains(@class,'wfm-btn-group')]/div[2]-click点击完成         ----
2021-01-19 11:25:20,680  - INFO - ----  test_login_001-用户名正确 密码正确 查看是否登录成功_//div[contains(@class,'wfm-setting-button')]-click保存配置信息         ----
2021-01-19 11:25:21,368  - INFO - ----  test_login_001-用户名正确 密码正确 查看是否登录成功_//*[@type='text']-set_value用户名文本框WFM050        ----
2021-01-19 11:25:34,167  - INFO - ----  test_login_001-用户名正确 密码正确 查看是否登录成功_//*[@type='password']-set_value密码文本框A1234567        ----
2021-01-19 11:25:34,478  - INFO - ----  test_login_001-用户名正确 密码正确 查看是否登录成功_//div[contains(@class,'login') and contains(@class,'wfm-btn')]-click登录按钮         ----
2021-01-19 11:25:55,581  - INFO - ----  test_login_001-用户名正确 密码正确 查看是否登录成功-[ERROR]:  ==notice请求超时==        ----
2021-01-19 11:25:55,581  - INFO - ----  test_login_001-用户名正确 密码正确 查看是否登录成功-[Fail]:  ==检查点_验证是否登录成功失败，请检查_notice==        ----
2021-01-19 11:26:06,344  - INFO - ----  test_login_001-用户名正确 密码正确 查看是否登录成功_//div[contains(@class,'active')]//div[contains(@class,'skip')]-click跳过         ----
2021-01-19 11:26:08,616  - INFO - ----  test_login_001-用户名正确 密码正确 查看是否登录成功_//img[contains(@class,'wf-setting-btn')]-click设置服务器         ----
2021-01-19 11:26:09,404  - INFO - ----  test_login_001-用户名正确 密码正确 查看是否登录成功_//div[contains(@class,'wf-left-shift')]/div[2]//input-set_value服务器文本框http://10.10.88.198/WorkForce        ----
2021-01-19 11:26:09,894  - INFO - ----  test_login_001-用户名正确 密码正确 查看是否登录成功_//div[contains(@class,'wf-left-shift')]/div[3]/div[1]-click选择语言         ----
2021-01-19 11:26:10,554  - INFO - ----  test_login_001-用户名正确 密码正确 查看是否登录成功_滑动选择        ----
2021-01-19 11:26:10,572  - INFO - ----  test_login_001-用户名正确 密码正确 查看是否登录成功_//div[contains(@class,'wf-left-shift')]/div[3]//div[contains(@class,'picker-selected')]-get_value当前old选中值         ----
2021-01-19 11:26:11,462  - INFO - ----  test_login_001-用户名正确 密码正确 查看是否登录成功_//div[contains(@class,'wf-left-shift')]/div[3]//div[contains(@class,'picker-slot-wrapper')]/div[contains(text(), 'English')]-click目标值         ----
2021-01-19 11:26:12,146  - INFO - ----  test_login_001-用户名正确 密码正确 查看是否登录成功_//div[contains(@class,'wf-left-shift')]/div[3]//div[contains(@class,'wfm-btn-group')]/div[2]-click点击完成         ----
2021-01-19 11:26:12,905  - INFO - ----  test_login_001-用户名正确 密码正确 查看是否登录成功_//div[contains(@class,'wfm-setting-button')]-click保存配置信息         ----
2021-01-19 11:26:13,608  - INFO - ----  test_login_001-用户名正确 密码正确 查看是否登录成功_//*[@type='text']-set_value用户名文本框WFM050        ----
2021-01-19 11:26:14,463  - INFO - ----  test_login_001-用户名正确 密码正确 查看是否登录成功_//*[@type='password']-set_value密码文本框A1234567        ----
2021-01-19 11:26:14,780  - INFO - ----  test_login_001-用户名正确 密码正确 查看是否登录成功_//div[contains(@class,'login') and contains(@class,'wfm-btn')]-click登录按钮         ----
2021-01-19 11:26:35,841  - INFO - ----  test_login_001-用户名正确 密码正确 查看是否登录成功-[ERROR]:  ==notice请求超时==        ----
2021-01-19 11:26:35,841  - INFO - ----  test_login_001-用户名正确 密码正确 查看是否登录成功-[Fail]:  ==检查点_验证是否登录成功失败，请检查_notice==        ----
2021-01-19 11:27:50,849  - INFO - ----  test_login_001-用户名正确 密码正确 查看是否登录成功_//div[contains(@class,'active')]//div[contains(@class,'skip')]-click跳过         ----
2021-01-19 11:27:51,998  - INFO - ----  test_login_001-用户名正确 密码正确 查看是否登录成功_//img[contains(@class,'wf-setting-btn')]-click设置服务器         ----
2021-01-19 11:27:53,331  - INFO - ----  test_login_001-用户名正确 密码正确 查看是否登录成功_//div[contains(@class,'wf-left-shift')]/div[2]//input-set_value服务器文本框http://10.10.88.198/WorkForce        ----
2021-01-19 11:27:53,829  - INFO - ----  test_login_001-用户名正确 密码正确 查看是否登录成功_//div[contains(@class,'wf-left-shift')]/div[3]/div[1]-click选择语言         ----
2021-01-19 11:27:54,503  - INFO - ----  test_login_001-用户名正确 密码正确 查看是否登录成功_滑动选择        ----
2021-01-19 11:27:54,524  - INFO - ----  test_login_001-用户名正确 密码正确 查看是否登录成功_//div[contains(@class,'wf-left-shift')]/div[3]//div[contains(@class,'picker-selected')]-get_value当前old选中值         ----
2021-01-19 11:27:55,443  - INFO - ----  test_login_001-用户名正确 密码正确 查看是否登录成功_//div[contains(@class,'wf-left-shift')]/div[3]//div[contains(@class,'picker-slot-wrapper')]/div[contains(text(), 'English')]-click目标值         ----
2021-01-19 11:27:56,135  - INFO - ----  test_login_001-用户名正确 密码正确 查看是否登录成功_//div[contains(@class,'wf-left-shift')]/div[3]//div[contains(@class,'wfm-btn-group')]/div[2]-click点击完成         ----
2021-01-19 11:27:56,900  - INFO - ----  test_login_001-用户名正确 密码正确 查看是否登录成功_//div[contains(@class,'wfm-setting-button')]-click保存配置信息         ----
2021-01-19 11:27:57,602  - INFO - ----  test_login_001-用户名正确 密码正确 查看是否登录成功_//*[@type='text']-set_value用户名文本框WFM001        ----
2021-01-19 11:27:58,472  - INFO - ----  test_login_001-用户名正确 密码正确 查看是否登录成功_//*[@type='password']-set_value密码文本框1234567        ----
2021-01-19 11:27:58,777  - INFO - ----  test_login_001-用户名正确 密码正确 查看是否登录成功_//div[contains(@class,'login') and contains(@class,'wfm-btn')]-click登录按钮         ----
2021-01-19 11:28:02,289  - INFO - ----  test_login_001-用户名正确 密码正确 查看是否登录成功_notice- 验证是否登录成功         ----
2021-01-19 11:29:09,505  - INFO - ----  test_login_001-用户名正确 密码正确 查看是否登录成功_//div[contains(@class,'active')]//div[contains(@class,'skip')]-click跳过         ----
2021-01-19 11:29:12,218  - INFO - ----  test_login_001-用户名正确 密码正确 查看是否登录成功_//img[contains(@class,'wf-setting-btn')]-click设置服务器         ----
2021-01-19 11:29:13,002  - INFO - ----  test_login_001-用户名正确 密码正确 查看是否登录成功_//div[contains(@class,'wf-left-shift')]/div[2]//input-set_value服务器文本框http://10.10.88.198/WorkForce        ----
2021-01-19 11:29:13,499  - INFO - ----  test_login_001-用户名正确 密码正确 查看是否登录成功_//div[contains(@class,'wf-left-shift')]/div[3]/div[1]-click选择语言         ----
2021-01-19 11:29:14,161  - INFO - ----  test_login_001-用户名正确 密码正确 查看是否登录成功_滑动选择        ----
2021-01-19 11:29:14,180  - INFO - ----  test_login_001-用户名正确 密码正确 查看是否登录成功_//div[contains(@class,'wf-left-shift')]/div[3]//div[contains(@class,'picker-selected')]-get_value当前old选中值         ----
2021-01-19 11:29:15,076  - INFO - ----  test_login_001-用户名正确 密码正确 查看是否登录成功_//div[contains(@class,'wf-left-shift')]/div[3]//div[contains(@class,'picker-slot-wrapper')]/div[contains(text(), 'English')]-click目标值         ----
2021-01-19 11:29:15,747  - INFO - ----  test_login_001-用户名正确 密码正确 查看是否登录成功_//div[contains(@class,'wf-left-shift')]/div[3]//div[contains(@class,'wfm-btn-group')]/div[2]-click点击完成         ----
2021-01-19 11:29:16,503  - INFO - ----  test_login_001-用户名正确 密码正确 查看是否登录成功_//div[contains(@class,'wfm-setting-button')]-click保存配置信息         ----
2021-01-19 11:29:17,202  - INFO - ----  test_login_001-用户名正确 密码正确 查看是否登录成功_//*[@type='text']-set_value用户名文本框WFM001        ----
2021-01-19 11:29:18,069  - INFO - ----  test_login_001-用户名正确 密码正确 查看是否登录成功_//*[@type='password']-set_value密码文本框1234567        ----
2021-01-19 11:29:18,359  - INFO - ----  test_login_001-用户名正确 密码正确 查看是否登录成功_//div[contains(@class,'login') and contains(@class,'wfm-btn')]-click登录按钮         ----
2021-01-19 11:29:20,062  - INFO - ----  test_login_001-用户名正确 密码正确 查看是否登录成功_notice- 验证是否登录成功         ----
2021-01-19 13:41:05,955  - INFO - ----  test_login_001-用户名正确 密码正确 查看是否登录成功_//div[contains(@class,'active')]//div[contains(@class,'skip')]-click跳过         ----
2021-01-19 13:41:08,524  - INFO - ----  test_login_001-用户名正确 密码正确 查看是否登录成功_//img[contains(@class,'wf-setting-btn')]-click设置服务器         ----
2021-01-19 13:41:09,331  - INFO - ----  test_login_001-用户名正确 密码正确 查看是否登录成功_//div[contains(@class,'wf-left-shift')]/div[2]//input-set_value服务器文本框http://10.10.88.198/WorkForce        ----
2021-01-19 13:41:09,855  - INFO - ----  test_login_001-用户名正确 密码正确 查看是否登录成功_//div[contains(@class,'wf-left-shift')]/div[3]/div[1]-click选择语言         ----
2021-01-19 13:41:10,520  - INFO - ----  test_login_001-用户名正确 密码正确 查看是否登录成功_滑动选择        ----
2021-01-19 13:41:10,538  - INFO - ----  test_login_001-用户名正确 密码正确 查看是否登录成功_//div[contains(@class,'wf-left-shift')]/div[3]//div[contains(@class,'picker-selected')]-get_value当前old选中值         ----
2021-01-19 13:41:11,444  - INFO - ----  test_login_001-用户名正确 密码正确 查看是否登录成功_//div[contains(@class,'wf-left-shift')]/div[3]//div[contains(@class,'picker-slot-wrapper')]/div[contains(text(), 'English')]-click目标值         ----
2021-01-19 13:41:12,131  - INFO - ----  test_login_001-用户名正确 密码正确 查看是否登录成功_//div[contains(@class,'wf-left-shift')]/div[3]//div[contains(@class,'wfm-btn-group')]/div[2]-click点击完成         ----
2021-01-19 13:41:12,894  - INFO - ----  test_login_001-用户名正确 密码正确 查看是否登录成功_//div[contains(@class,'wfm-setting-button')]-click保存配置信息         ----
2021-01-19 13:41:22,755  - INFO - ----  test_login_001-用户名正确 密码正确 查看是否登录成功_//div[contains(@class,'active')]//div[contains(@class,'skip')]-click跳过         ----
2021-01-19 13:41:25,748  - INFO - ----  test_login_001-用户名正确 密码正确 查看是否登录成功_//img[contains(@class,'wf-setting-btn')]-click设置服务器         ----
2021-01-19 13:41:26,534  - INFO - ----  test_login_001-用户名正确 密码正确 查看是否登录成功_//div[contains(@class,'wf-left-shift')]/div[2]//input-set_value服务器文本框http://10.10.88.198/WorkForce        ----
2021-01-19 13:41:27,029  - INFO - ----  test_login_001-用户名正确 密码正确 查看是否登录成功_//div[contains(@class,'wf-left-shift')]/div[3]/div[1]-click选择语言         ----
2021-01-19 13:41:27,691  - INFO - ----  test_login_001-用户名正确 密码正确 查看是否登录成功_滑动选择        ----
2021-01-19 13:41:27,710  - INFO - ----  test_login_001-用户名正确 密码正确 查看是否登录成功_//div[contains(@class,'wf-left-shift')]/div[3]//div[contains(@class,'picker-selected')]-get_value当前old选中值         ----
2021-01-19 13:41:28,596  - INFO - ----  test_login_001-用户名正确 密码正确 查看是否登录成功_//div[contains(@class,'wf-left-shift')]/div[3]//div[contains(@class,'picker-slot-wrapper')]/div[contains(text(), 'English')]-click目标值         ----
2021-01-19 13:41:29,273  - INFO - ----  test_login_001-用户名正确 密码正确 查看是否登录成功_//div[contains(@class,'wf-left-shift')]/div[3]//div[contains(@class,'wfm-btn-group')]/div[2]-click点击完成         ----
2021-01-19 13:41:30,031  - INFO - ----  test_login_001-用户名正确 密码正确 查看是否登录成功_//div[contains(@class,'wfm-setting-button')]-click保存配置信息         ----
2021-01-19 13:42:17,440  - INFO - ----  test_login_001-用户名正确 密码正确 查看是否登录成功_//div[contains(@class,'active')]//div[contains(@class,'skip')]-click跳过         ----
2021-01-19 13:42:20,497  - INFO - ----  test_login_001-用户名正确 密码正确 查看是否登录成功_//img[contains(@class,'wf-setting-btn')]-click设置服务器         ----
2021-01-19 13:42:21,266  - INFO - ----  test_login_001-用户名正确 密码正确 查看是否登录成功_//div[contains(@class,'wf-left-shift')]/div[2]//input-set_value服务器文本框http://10.10.88.198/WorkForce        ----
2021-01-19 13:42:21,660  - INFO - ----  test_login_001-用户名正确 密码正确 查看是否登录成功_//div[contains(@class,'wf-left-shift')]/div[3]/div[1]-click选择语言         ----
2021-01-19 13:42:22,311  - INFO - ----  test_login_001-用户名正确 密码正确 查看是否登录成功_滑动选择        ----
2021-01-19 13:42:22,327  - INFO - ----  test_login_001-用户名正确 密码正确 查看是否登录成功_//div[contains(@class,'wf-left-shift')]/div[3]//div[contains(@class,'picker-selected')]-get_value当前old选中值         ----
2021-01-19 13:42:23,205  - INFO - ----  test_login_001-用户名正确 密码正确 查看是否登录成功_//div[contains(@class,'wf-left-shift')]/div[3]//div[contains(@class,'picker-slot-wrapper')]/div[contains(text(), 'English')]-click目标值         ----
2021-01-19 13:42:23,865  - INFO - ----  test_login_001-用户名正确 密码正确 查看是否登录成功_//div[contains(@class,'wf-left-shift')]/div[3]//div[contains(@class,'wfm-btn-group')]/div[2]-click点击完成         ----
2021-01-19 13:42:24,619  - INFO - ----  test_login_001-用户名正确 密码正确 查看是否登录成功_//div[contains(@class,'wfm-setting-button')]-click保存配置信息         ----
2021-01-19 13:48:02,208  - INFO - ----  test_login_001-用户名正确 密码正确 查看是否登录成功_//div[contains(@class,'active')]//div[contains(@class,'skip')]-click跳过         ----
2021-01-19 13:48:04,681  - INFO - ----  test_login_001-用户名正确 密码正确 查看是否登录成功_//img[contains(@class,'wf-setting-btn')]-click设置服务器         ----
2021-01-19 13:48:05,460  - INFO - ----  test_login_001-用户名正确 密码正确 查看是否登录成功_//div[contains(@class,'wf-left-shift')]/div[2]//input-set_value服务器文本框http://10.10.88.198/WorkForce        ----
2021-01-19 13:48:05,811  - INFO - ----  test_login_001-用户名正确 密码正确 查看是否登录成功_//div[contains(@class,'wf-left-shift')]/div[3]/div[1]-click选择语言         ----
2021-01-19 13:48:06,458  - INFO - ----  test_login_001-用户名正确 密码正确 查看是否登录成功_滑动选择        ----
2021-01-19 13:48:06,481  - INFO - ----  test_login_001-用户名正确 密码正确 查看是否登录成功_//div[contains(@class,'wf-left-shift')]/div[3]//div[contains(@class,'picker-selected')]-get_value当前old选中值         ----
2021-01-19 13:48:07,366  - INFO - ----  test_login_001-用户名正确 密码正确 查看是否登录成功_//div[contains(@class,'wf-left-shift')]/div[3]//div[contains(@class,'picker-slot-wrapper')]/div[contains(text(), 'English')]-click目标值         ----
2021-01-19 13:48:08,070  - INFO - ----  test_login_001-用户名正确 密码正确 查看是否登录成功_//div[contains(@class,'wf-left-shift')]/div[3]//div[contains(@class,'wfm-btn-group')]/div[2]-click点击完成         ----
2021-01-19 13:48:08,839  - INFO - ----  test_login_001-用户名正确 密码正确 查看是否登录成功_//div[contains(@class,'wfm-setting-button')]-click保存配置信息         ----
2021-01-19 13:48:54,453  - INFO - ----  test_login_001-用户名正确 密码正确 查看是否登录成功_//div[contains(@class,'active')]//div[contains(@class,'skip')]-click跳过         ----
2021-01-19 13:48:57,295  - INFO - ----  test_login_001-用户名正确 密码正确 查看是否登录成功_//img[contains(@class,'wf-setting-btn')]-click设置服务器         ----
2021-01-19 13:48:58,078  - INFO - ----  test_login_001-用户名正确 密码正确 查看是否登录成功_//div[contains(@class,'wf-left-shift')]/div[2]//input-set_value服务器文本框http://10.10.88.198/WorkForce        ----
2021-01-19 13:48:58,501  - INFO - ----  test_login_001-用户名正确 密码正确 查看是否登录成功_//div[contains(@class,'wf-left-shift')]/div[3]/div[1]-click选择语言         ----
2021-01-19 13:48:59,154  - INFO - ----  test_login_001-用户名正确 密码正确 查看是否登录成功_滑动选择        ----
2021-01-19 13:48:59,171  - INFO - ----  test_login_001-用户名正确 密码正确 查看是否登录成功_//div[contains(@class,'wf-left-shift')]/div[3]//div[contains(@class,'picker-selected')]-get_value当前old选中值         ----
2021-01-19 13:49:00,052  - INFO - ----  test_login_001-用户名正确 密码正确 查看是否登录成功_//div[contains(@class,'wf-left-shift')]/div[3]//div[contains(@class,'picker-slot-wrapper')]/div[contains(text(), 'English')]-click目标值         ----
2021-01-19 13:49:00,714  - INFO - ----  test_login_001-用户名正确 密码正确 查看是否登录成功_//div[contains(@class,'wf-left-shift')]/div[3]//div[contains(@class,'wfm-btn-group')]/div[2]-click点击完成         ----
2021-01-19 13:49:01,462  - INFO - ----  test_login_001-用户名正确 密码正确 查看是否登录成功_//div[contains(@class,'wfm-setting-button')]-click保存配置信息         ----
2021-01-19 13:49:25,217  - INFO - ----  test_login_001-用户名正确 密码正确 查看是否登录成功-[ERROR]:  ==notice请求超时==        ----
2021-01-19 13:49:25,217  - INFO - ----  test_login_001-用户名正确 密码正确 查看是否登录成功-[Fail]:  ==检查点_验证是否登录成功失败，请检查_notice==        ----
2021-01-19 13:50:21,846  - INFO - ----  test_login_001-用户名正确 密码正确 查看是否登录成功_//div[contains(@class,'active')]//div[contains(@class,'skip')]-click跳过         ----
2021-01-19 13:50:23,940  - INFO - ----  test_login_001-用户名正确 密码正确 查看是否登录成功_//img[contains(@class,'wf-setting-btn')]-click设置服务器         ----
2021-01-19 13:50:25,281  - INFO - ----  test_login_001-用户名正确 密码正确 查看是否登录成功_//div[contains(@class,'wf-left-shift')]/div[2]//input-set_value服务器文本框http://10.10.88.198/WorkForce        ----
2021-01-19 13:50:25,690  - INFO - ----  test_login_001-用户名正确 密码正确 查看是否登录成功_//div[contains(@class,'wf-left-shift')]/div[3]/div[1]-click选择语言         ----
2021-01-19 13:50:26,343  - INFO - ----  test_login_001-用户名正确 密码正确 查看是否登录成功_滑动选择        ----
2021-01-19 13:50:26,362  - INFO - ----  test_login_001-用户名正确 密码正确 查看是否登录成功_//div[contains(@class,'wf-left-shift')]/div[3]//div[contains(@class,'picker-selected')]-get_value当前old选中值         ----
2021-01-19 13:50:27,244  - INFO - ----  test_login_001-用户名正确 密码正确 查看是否登录成功_//div[contains(@class,'wf-left-shift')]/div[3]//div[contains(@class,'picker-slot-wrapper')]/div[contains(text(), 'English')]-click目标值         ----
2021-01-19 13:50:27,912  - INFO - ----  test_login_001-用户名正确 密码正确 查看是否登录成功_//div[contains(@class,'wf-left-shift')]/div[3]//div[contains(@class,'wfm-btn-group')]/div[2]-click点击完成         ----
2021-01-19 13:50:28,662  - INFO - ----  test_login_001-用户名正确 密码正确 查看是否登录成功_//div[contains(@class,'wfm-setting-button')]-click保存配置信息         ----
2021-01-19 13:50:51,852  - INFO - ----  test_login_001-用户名正确 密码正确 查看是否登录成功-[ERROR]:  ==notice请求超时==        ----
2021-01-19 13:50:51,852  - INFO - ----  test_login_001-用户名正确 密码正确 查看是否登录成功-[Fail]:  ==检查点_验证是否登录成功失败，请检查_notice==        ----
2021-01-19 13:51:41,403  - INFO - ----  test_login_001-用户名正确 密码正确 查看是否登录成功_//div[contains(@class,'active')]//div[contains(@class,'skip')]-click跳过         ----
2021-01-19 13:51:44,576  - INFO - ----  test_login_001-用户名正确 密码正确 查看是否登录成功_//img[contains(@class,'wf-setting-btn')]-click设置服务器         ----
2021-01-19 13:51:45,369  - INFO - ----  test_login_001-用户名正确 密码正确 查看是否登录成功_//div[contains(@class,'wf-left-shift')]/div[2]//input-set_value服务器文本框http://10.10.88.198/WorkForce        ----
2021-01-19 13:51:45,840  - INFO - ----  test_login_001-用户名正确 密码正确 查看是否登录成功_//div[contains(@class,'wf-left-shift')]/div[3]/div[1]-click选择语言         ----
2021-01-19 13:51:46,512  - INFO - ----  test_login_001-用户名正确 密码正确 查看是否登录成功_滑动选择        ----
2021-01-19 13:51:46,532  - INFO - ----  test_login_001-用户名正确 密码正确 查看是否登录成功_//div[contains(@class,'wf-left-shift')]/div[3]//div[contains(@class,'picker-selected')]-get_value当前old选中值         ----
2021-01-19 13:51:47,151  - INFO - ----  test_login_001-用户名正确 密码正确 查看是否登录成功_//div[contains(@class,'wf-left-shift')]/div[3]//div[contains(@class,'wfm-btn-group')]/div[2]-click点击完成         ----
2021-01-19 13:51:47,915  - INFO - ----  test_login_001-用户名正确 密码正确 查看是否登录成功_//div[contains(@class,'wfm-setting-button')]-click保存配置信息         ----
2021-01-19 13:52:11,188  - INFO - ----  test_login_001-用户名正确 密码正确 查看是否登录成功-[ERROR]:  ==notice请求超时==        ----
2021-01-19 13:52:11,188  - INFO - ----  test_login_001-用户名正确 密码正确 查看是否登录成功-[Fail]:  ==检查点_验证是否登录成功失败，请检查_notice==        ----
2021-01-19 14:03:08,494  - INFO - ----  test_login_001-用户名正确 密码正确 查看是否登录成功_//div[contains(@class,'active')]//div[contains(@class,'skip')]-click跳过         ----
2021-01-19 14:03:11,280  - INFO - ----  test_login_001-用户名正确 密码正确 查看是否登录成功_//img[contains(@class,'wf-setting-btn')]-click设置服务器         ----
2021-01-19 14:03:12,064  - INFO - ----  test_login_001-用户名正确 密码正确 查看是否登录成功_//div[contains(@class,'wf-left-shift')]/div[2]//input-set_value服务器文本框http://10.10.88.198/WorkForce        ----
2021-01-19 14:03:12,531  - INFO - ----  test_login_001-用户名正确 密码正确 查看是否登录成功_//div[contains(@class,'wf-left-shift')]/div[3]/div[1]-click选择语言         ----
2021-01-19 14:03:13,197  - INFO - ----  test_login_001-用户名正确 密码正确 查看是否登录成功_滑动选择        ----
2021-01-19 14:03:13,214  - INFO - ----  test_login_001-用户名正确 密码正确 查看是否登录成功_//div[contains(@class,'wf-left-shift')]/div[3]//div[contains(@class,'picker-selected')]-get_value当前old选中值         ----
2021-01-19 14:03:13,817  - INFO - ----  test_login_001-用户名正确 密码正确 查看是否登录成功_//div[contains(@class,'wf-left-shift')]/div[3]//div[contains(@class,'wfm-btn-group')]/div[2]-click点击完成         ----
2021-01-19 14:03:14,566  - INFO - ----  test_login_001-用户名正确 密码正确 查看是否登录成功_//div[contains(@class,'wfm-setting-button')]-click保存配置信息         ----
2021-01-19 14:07:28,352  - INFO - ----  test_login_001-用户名正确 密码正确 查看是否登录成功_//div[contains(@class,'active')]//div[contains(@class,'skip')]-click跳过         ----
2021-01-19 14:07:31,276  - INFO - ----  test_login_001-用户名正确 密码正确 查看是否登录成功_//img[contains(@class,'wf-setting-btn')]-click设置服务器         ----
2021-01-19 14:07:32,075  - INFO - ----  test_login_001-用户名正确 密码正确 查看是否登录成功_//div[contains(@class,'wf-left-shift')]/div[2]//input-set_value服务器文本框http://10.10.88.198/WorkForce        ----
2021-01-19 14:07:32,620  - INFO - ----  test_login_001-用户名正确 密码正确 查看是否登录成功_//div[contains(@class,'wf-left-shift')]/div[3]/div[1]-click选择语言         ----
2021-01-19 14:07:33,289  - INFO - ----  test_login_001-用户名正确 密码正确 查看是否登录成功_滑动选择        ----
2021-01-19 14:07:33,312  - INFO - ----  test_login_001-用户名正确 密码正确 查看是否登录成功_//div[contains(@class,'wf-left-shift')]/div[3]//div[contains(@class,'picker-selected')]-get_value当前old选中值         ----
2021-01-19 14:07:33,927  - INFO - ----  test_login_001-用户名正确 密码正确 查看是否登录成功_//div[contains(@class,'wf-left-shift')]/div[3]//div[contains(@class,'wfm-btn-group')]/div[2]-click点击完成         ----
2021-01-19 14:07:34,687  - INFO - ----  test_login_001-用户名正确 密码正确 查看是否登录成功_//div[contains(@class,'wfm-setting-button')]-click保存配置信息         ----
2021-01-19 14:08:47,784  - INFO - ----  test_login_001-用户名正确 密码正确 查看是否登录成功_//div[contains(@class,'active')]//div[contains(@class,'skip')]-click跳过         ----
2021-01-19 14:08:49,101  - INFO - ----  test_login_001-用户名正确 密码正确 查看是否登录成功_//img[contains(@class,'wf-setting-btn')]-click设置服务器         ----
2021-01-19 14:08:50,405  - INFO - ----  test_login_001-用户名正确 密码正确 查看是否登录成功_//div[contains(@class,'wf-left-shift')]/div[2]//input-set_value服务器文本框http://10.10.88.198/WorkForce        ----
2021-01-19 14:08:50,809  - INFO - ----  test_login_001-用户名正确 密码正确 查看是否登录成功_//div[contains(@class,'wf-left-shift')]/div[3]/div[1]-click选择语言         ----
2021-01-19 14:08:51,461  - INFO - ----  test_login_001-用户名正确 密码正确 查看是否登录成功_滑动选择        ----
2021-01-19 14:08:51,478  - INFO - ----  test_login_001-用户名正确 密码正确 查看是否登录成功_//div[contains(@class,'wf-left-shift')]/div[3]//div[contains(@class,'picker-selected')]-get_value当前old选中值         ----
2021-01-19 14:08:52,083  - INFO - ----  test_login_001-用户名正确 密码正确 查看是否登录成功_//div[contains(@class,'wf-left-shift')]/div[3]//div[contains(@class,'wfm-btn-group')]/div[2]-click点击完成         ----
2021-01-19 14:08:52,826  - INFO - ----  test_login_001-用户名正确 密码正确 查看是否登录成功_//div[contains(@class,'wfm-setting-button')]-click保存配置信息         ----
2021-01-19 14:09:14,665  - INFO - ----  test_login_001-用户名正确 密码正确 查看是否登录成功-[ERROR]:  ==notice请求超时==        ----
2021-01-19 14:09:14,665  - INFO - ----  test_login_001-用户名正确 密码正确 查看是否登录成功-[Fail]:  ==检查点_验证是否登录成功失败，请检查_notice==        ----
2021-01-19 14:13:46,431  - INFO - ----  test_login_001-用户名正确 密码正确 查看是否登录成功_//div[contains(@class,'active')]//div[contains(@class,'skip')]-click跳过         ----
2021-01-19 14:13:48,296  - INFO - ----  test_login_001-用户名正确 密码正确 查看是否登录成功_//img[contains(@class,'wf-setting-btn')]-click设置服务器         ----
2021-01-19 14:13:49,090  - INFO - ----  test_login_001-用户名正确 密码正确 查看是否登录成功_//div[contains(@class,'wf-left-shift')]/div[2]//input-set_value服务器文本框http://10.10.88.198/WorkForce        ----
2021-01-19 14:13:49,570  - INFO - ----  test_login_001-用户名正确 密码正确 查看是否登录成功_//div[contains(@class,'wf-left-shift')]/div[3]/div[1]-click选择语言         ----
2021-01-19 14:13:50,232  - INFO - ----  test_login_001-用户名正确 密码正确 查看是否登录成功_滑动选择        ----
2021-01-19 14:13:50,250  - INFO - ----  test_login_001-用户名正确 密码正确 查看是否登录成功_//div[contains(@class,'wf-left-shift')]/div[3]//div[contains(@class,'picker-selected')]-get_value当前old选中值         ----
2021-01-19 14:13:50,855  - INFO - ----  test_login_001-用户名正确 密码正确 查看是否登录成功_//div[contains(@class,'wf-left-shift')]/div[3]//div[contains(@class,'wfm-btn-group')]/div[2]-click点击完成         ----
2021-01-19 14:13:51,605  - INFO - ----  test_login_001-用户名正确 密码正确 查看是否登录成功_//div[contains(@class,'wfm-setting-button')]-click保存配置信息         ----
2021-01-19 14:13:54,295  - INFO - ----  test_login_001-用户名正确 密码正确 查看是否登录成功_notice- 验证是否登录成功         ----
2021-01-19 14:14:31,507  - INFO - ----  test_login_001-用户名正确 密码正确 查看是否登录成功_//div[contains(@class,'active')]//div[contains(@class,'skip')]-click跳过         ----
2021-01-19 14:14:34,008  - INFO - ----  test_login_001-用户名正确 密码正确 查看是否登录成功_//img[contains(@class,'wf-setting-btn')]-click设置服务器         ----
2021-01-19 14:14:34,799  - INFO - ----  test_login_001-用户名正确 密码正确 查看是否登录成功_//div[contains(@class,'wf-left-shift')]/div[2]//input-set_value服务器文本框http://10.10.88.198/WorkForce        ----
2021-01-19 14:14:35,310  - INFO - ----  test_login_001-用户名正确 密码正确 查看是否登录成功_//div[contains(@class,'wf-left-shift')]/div[3]/div[1]-click选择语言         ----
2021-01-19 14:14:35,983  - INFO - ----  test_login_001-用户名正确 密码正确 查看是否登录成功_滑动选择        ----
2021-01-19 14:14:36,002  - INFO - ----  test_login_001-用户名正确 密码正确 查看是否登录成功_//div[contains(@class,'wf-left-shift')]/div[3]//div[contains(@class,'picker-selected')]-get_value当前old选中值         ----
2021-01-19 14:14:36,618  - INFO - ----  test_login_001-用户名正确 密码正确 查看是否登录成功_//div[contains(@class,'wf-left-shift')]/div[3]//div[contains(@class,'wfm-btn-group')]/div[2]-click点击完成         ----
2021-01-19 14:14:37,374  - INFO - ----  test_login_001-用户名正确 密码正确 查看是否登录成功_//div[contains(@class,'wfm-setting-button')]-click保存配置信息         ----
2021-01-19 14:14:39,491  - INFO - ----  test_login_001-用户名正确 密码正确 查看是否登录成功_notice- 验证是否登录成功         ----
2021-01-19 14:18:31,130  - INFO - ----  test_login_001-用户名正确 密码正确 查看是否登录成功_//div[contains(@class,'active')]//div[contains(@class,'skip')]-click跳过         ----
2021-01-19 14:18:33,542  - INFO - ----  test_login_001-用户名正确 密码正确 查看是否登录成功_//img[contains(@class,'wf-setting-btn')]-click设置服务器         ----
2021-01-19 14:18:34,344  - INFO - ----  test_login_001-用户名正确 密码正确 查看是否登录成功_//div[contains(@class,'wf-left-shift')]/div[2]//input-set_value服务器文本框http://10.10.88.198/WorkForce        ----
2021-01-19 14:18:34,807  - INFO - ----  test_login_001-用户名正确 密码正确 查看是否登录成功_//div[contains(@class,'wf-left-shift')]/div[3]/div[1]-click选择语言         ----
2021-01-19 14:18:35,458  - INFO - ----  test_login_001-用户名正确 密码正确 查看是否登录成功_滑动选择        ----
2021-01-19 14:18:35,475  - INFO - ----  test_login_001-用户名正确 密码正确 查看是否登录成功_//div[contains(@class,'wf-left-shift')]/div[3]//div[contains(@class,'picker-selected')]-get_value当前old选中值         ----
2021-01-19 14:18:36,080  - INFO - ----  test_login_001-用户名正确 密码正确 查看是否登录成功_//div[contains(@class,'wf-left-shift')]/div[3]//div[contains(@class,'wfm-btn-group')]/div[2]-click点击完成         ----
2021-01-19 14:18:36,824  - INFO - ----  test_login_001-用户名正确 密码正确 查看是否登录成功_//div[contains(@class,'wfm-setting-button')]-click保存配置信息         ----
2021-01-19 14:18:39,065  - INFO - ----  test_login_001-用户名正确 密码正确 查看是否登录成功_notice- 验证是否登录成功         ----
2021-01-19 14:19:22,817  - INFO - ----  test_login_001-用户名正确 密码正确 查看是否登录成功_//div[contains(@class,'active')]//div[contains(@class,'skip')]-click跳过         ----
2021-01-19 14:19:25,067  - INFO - ----  test_login_001-用户名正确 密码正确 查看是否登录成功_//img[contains(@class,'wf-setting-btn')]-click设置服务器         ----
2021-01-19 14:19:25,849  - INFO - ----  test_login_001-用户名正确 密码正确 查看是否登录成功_//div[contains(@class,'wf-left-shift')]/div[2]//input-set_value服务器文本框http://10.10.88.198/WorkForce        ----
2021-01-19 14:19:26,344  - INFO - ----  test_login_001-用户名正确 密码正确 查看是否登录成功_//div[contains(@class,'wf-left-shift')]/div[3]/div[1]-click选择语言         ----
2021-01-19 14:19:27,009  - INFO - ----  test_login_001-用户名正确 密码正确 查看是否登录成功_滑动选择        ----
2021-01-19 14:19:27,028  - INFO - ----  test_login_001-用户名正确 密码正确 查看是否登录成功_//div[contains(@class,'wf-left-shift')]/div[3]//div[contains(@class,'picker-selected')]-get_value当前old选中值         ----
2021-01-19 14:19:27,651  - INFO - ----  test_login_001-用户名正确 密码正确 查看是否登录成功_//div[contains(@class,'wf-left-shift')]/div[3]//div[contains(@class,'wfm-btn-group')]/div[2]-click点击完成         ----
2021-01-19 14:19:28,412  - INFO - ----  test_login_001-用户名正确 密码正确 查看是否登录成功_//div[contains(@class,'wfm-setting-button')]-click保存配置信息         ----
2021-01-19 14:19:30,617  - INFO - ----  test_login_001-用户名正确 密码正确 查看是否登录成功_notice- 验证是否登录成功         ----
2021-01-19 15:34:35,243  - INFO - ----  test_login_001-用户名正确 密码正确 查看是否登录成功_//div[contains(@class,'active')]//div[contains(@class,'skip')]-click跳过         ----
2021-01-19 15:34:37,235  - INFO - ----  test_login_001-用户名正确 密码正确 查看是否登录成功_//img[contains(@class,'wf-setting-btn')]-click设置服务器         ----
2021-01-19 15:34:38,556  - INFO - ----  test_login_001-用户名正确 密码正确 查看是否登录成功_//div[contains(@class,'wf-left-shift')]/div[2]//input-set_value服务器文本框http://10.10.88.198/WorkForce        ----
2021-01-19 15:34:38,979  - INFO - ----  test_login_001-用户名正确 密码正确 查看是否登录成功_//div[contains(@class,'wf-left-shift')]/div[3]/div[1]-click选择语言         ----
2021-01-19 15:34:39,627  - INFO - ----  test_login_001-用户名正确 密码正确 查看是否登录成功_滑动选择        ----
2021-01-19 15:34:39,642  - INFO - ----  test_login_001-用户名正确 密码正确 查看是否登录成功_//div[contains(@class,'wf-left-shift')]/div[3]//div[contains(@class,'picker-selected')]-get_value当前old选中值         ----
2021-01-19 15:34:40,235  - INFO - ----  test_login_001-用户名正确 密码正确 查看是否登录成功_//div[contains(@class,'wf-left-shift')]/div[3]//div[contains(@class,'wfm-btn-group')]/div[2]-click点击完成         ----
2021-01-19 15:34:40,977  - INFO - ----  test_login_001-用户名正确 密码正确 查看是否登录成功_//div[contains(@class,'wfm-setting-button')]-click保存配置信息         ----
2021-01-19 15:34:45,735  - INFO - ----  test_login_001-用户名正确 密码正确 查看是否登录成功_notice- 验证是否登录成功         ----
2021-01-19 15:40:54,691  - INFO - ----  test_001_login_001-用户名正确 密码正确 查看是否登录成功_//div[contains(@class,'active')]//div[contains(@class,'skip')]-click跳过         ----
2021-01-19 15:40:58,192  - INFO - ----  test_001_login_001-用户名正确 密码正确 查看是否登录成功_//img[contains(@class,'wf-setting-btn')]-click设置服务器         ----
2021-01-19 15:40:58,995  - INFO - ----  test_001_login_001-用户名正确 密码正确 查看是否登录成功_//div[contains(@class,'wf-left-shift')]/div[2]//input-set_value服务器文本框http://10.10.88.198/WorkForce        ----
2021-01-19 15:40:59,648  - INFO - ----  test_001_login_001-用户名正确 密码正确 查看是否登录成功_//div[contains(@class,'wf-left-shift')]/div[3]/div[1]-click选择语言         ----
2021-01-19 15:41:00,327  - INFO - ----  test_001_login_001-用户名正确 密码正确 查看是否登录成功_滑动选择        ----
2021-01-19 15:41:00,348  - INFO - ----  test_001_login_001-用户名正确 密码正确 查看是否登录成功_//div[contains(@class,'wf-left-shift')]/div[3]//div[contains(@class,'picker-selected')]-get_value当前old选中值         ----
2021-01-19 15:41:00,967  - INFO - ----  test_001_login_001-用户名正确 密码正确 查看是否登录成功_//div[contains(@class,'wf-left-shift')]/div[3]//div[contains(@class,'wfm-btn-group')]/div[2]-click点击完成         ----
2021-01-19 15:41:01,724  - INFO - ----  test_001_login_001-用户名正确 密码正确 查看是否登录成功_//div[contains(@class,'wfm-setting-button')]-click保存配置信息         ----
2021-01-19 15:41:03,977  - INFO - ----  test_001_login_001-用户名正确 密码正确 查看是否登录成功_notice- 验证是否登录成功         ----
2021-01-19 15:41:41,219  - INFO - ----  test_001_login_001-用户名正确 密码正确 查看是否登录成功_//div[contains(@class,'active')]//div[contains(@class,'skip')]-click跳过         ----
2021-01-19 15:41:43,867  - INFO - ----  test_001_login_001-用户名正确 密码正确 查看是否登录成功_//img[contains(@class,'wf-setting-btn')]-click设置服务器         ----
2021-01-19 15:41:44,651  - INFO - ----  test_001_login_001-用户名正确 密码正确 查看是否登录成功_//div[contains(@class,'wf-left-shift')]/div[2]//input-set_value服务器文本框http://10.10.88.198/WorkForce        ----
2021-01-19 15:41:45,144  - INFO - ----  test_001_login_001-用户名正确 密码正确 查看是否登录成功_//div[contains(@class,'wf-left-shift')]/div[3]/div[1]-click选择语言         ----
2021-01-19 15:41:45,806  - INFO - ----  test_001_login_001-用户名正确 密码正确 查看是否登录成功_滑动选择        ----
2021-01-19 15:41:45,826  - INFO - ----  test_001_login_001-用户名正确 密码正确 查看是否登录成功_//div[contains(@class,'wf-left-shift')]/div[3]//div[contains(@class,'picker-selected')]-get_value当前old选中值         ----
2021-01-19 15:41:46,440  - INFO - ----  test_001_login_001-用户名正确 密码正确 查看是否登录成功_//div[contains(@class,'wf-left-shift')]/div[3]//div[contains(@class,'wfm-btn-group')]/div[2]-click点击完成         ----
2021-01-19 15:41:47,191  - INFO - ----  test_001_login_001-用户名正确 密码正确 查看是否登录成功_//div[contains(@class,'wfm-setting-button')]-click保存配置信息         ----
2021-01-19 15:41:49,315  - INFO - ----  test_001_login_001-用户名正确 密码正确 查看是否登录成功_notice- 验证是否登录成功         ----
2021-01-19 15:42:51,076  - INFO - ----  test_001_login_001-用户名正确 密码正确 查看是否登录成功_//div[contains(@class,'active')]//div[contains(@class,'skip')]-click跳过         ----
2021-01-19 15:42:54,078  - INFO - ----  test_001_login_001-用户名正确 密码正确 查看是否登录成功_//img[contains(@class,'wf-setting-btn')]-click设置服务器         ----
2021-01-19 15:42:54,894  - INFO - ----  test_001_login_001-用户名正确 密码正确 查看是否登录成功_//div[contains(@class,'wf-left-shift')]/div[2]//input-set_value服务器文本框http://10.10.88.198/WorkForce        ----
2021-01-19 15:42:55,494  - INFO - ----  test_001_login_001-用户名正确 密码正确 查看是否登录成功_//div[contains(@class,'wf-left-shift')]/div[3]/div[1]-click选择语言         ----
2021-01-19 15:42:56,176  - INFO - ----  test_001_login_001-用户名正确 密码正确 查看是否登录成功_滑动选择        ----
2021-01-19 15:42:56,203  - INFO - ----  test_001_login_001-用户名正确 密码正确 查看是否登录成功_//div[contains(@class,'wf-left-shift')]/div[3]//div[contains(@class,'picker-selected')]-get_value当前old选中值         ----
2021-01-19 15:42:56,848  - INFO - ----  test_001_login_001-用户名正确 密码正确 查看是否登录成功_//div[contains(@class,'wf-left-shift')]/div[3]//div[contains(@class,'wfm-btn-group')]/div[2]-click点击完成         ----
2021-01-19 15:42:57,614  - INFO - ----  test_001_login_001-用户名正确 密码正确 查看是否登录成功_//div[contains(@class,'wfm-setting-button')]-click保存配置信息         ----
2021-01-19 15:42:59,936  - INFO - ----  test_001_login_001-用户名正确 密码正确 查看是否登录成功_notice- 验证是否登录成功         ----
2021-01-19 15:44:18,386  - INFO - ----  test_001_login_001-用户名正确 密码正确 查看是否登录成功_//div[contains(@class,'active')]//div[contains(@class,'skip')]-click跳过         ----
2021-01-19 15:44:20,229  - INFO - ----  test_001_login_001-用户名正确 密码正确 查看是否登录成功_//img[contains(@class,'wf-setting-btn')]-click设置服务器         ----
2021-01-19 15:44:21,578  - INFO - ----  test_001_login_001-用户名正确 密码正确 查看是否登录成功_//div[contains(@class,'wf-left-shift')]/div[2]//input-set_value服务器文本框http://10.10.88.198/WorkForce        ----
2021-01-19 15:44:22,090  - INFO - ----  test_001_login_001-用户名正确 密码正确 查看是否登录成功_//div[contains(@class,'wf-left-shift')]/div[3]/div[1]-click选择语言         ----
2021-01-19 15:44:22,805  - INFO - ----  test_001_login_001-用户名正确 密码正确 查看是否登录成功_滑动选择        ----
2021-01-19 15:44:22,825  - INFO - ----  test_001_login_001-用户名正确 密码正确 查看是否登录成功_//div[contains(@class,'wf-left-shift')]/div[3]//div[contains(@class,'picker-selected')]-get_value当前old选中值         ----
2021-01-19 15:44:23,442  - INFO - ----  test_001_login_001-用户名正确 密码正确 查看是否登录成功_//div[contains(@class,'wf-left-shift')]/div[3]//div[contains(@class,'wfm-btn-group')]/div[2]-click点击完成         ----
2021-01-19 15:44:24,198  - INFO - ----  test_001_login_001-用户名正确 密码正确 查看是否登录成功_//div[contains(@class,'wfm-setting-button')]-click保存配置信息         ----
2021-01-19 15:44:26,419  - INFO - ----  test_001_login_001-用户名正确 密码正确 查看是否登录成功_notice- 验证是否登录成功         ----
2021-01-19 15:45:20,394  - INFO - ----  test_001_login_001-用户名正确 密码正确 查看是否登录成功_//div[contains(@class,'active')]//div[contains(@class,'skip')]-click跳过         ----
2021-01-19 15:45:22,946  - INFO - ----  test_001_login_001-用户名正确 密码正确 查看是否登录成功_//img[contains(@class,'wf-setting-btn')]-click设置服务器         ----
2021-01-19 15:45:23,751  - INFO - ----  test_001_login_001-用户名正确 密码正确 查看是否登录成功_//div[contains(@class,'wf-left-shift')]/div[2]//input-set_value服务器文本框http://10.10.88.198/WorkForce        ----
2021-01-19 15:45:24,255  - INFO - ----  test_001_login_001-用户名正确 密码正确 查看是否登录成功_//div[contains(@class,'wf-left-shift')]/div[3]/div[1]-click选择语言         ----
2021-01-19 15:45:24,922  - INFO - ----  test_001_login_001-用户名正确 密码正确 查看是否登录成功_滑动选择        ----
2021-01-19 15:45:24,945  - INFO - ----  test_001_login_001-用户名正确 密码正确 查看是否登录成功_//div[contains(@class,'wf-left-shift')]/div[3]//div[contains(@class,'picker-selected')]-get_value当前old选中值         ----
2021-01-19 15:45:25,561  - INFO - ----  test_001_login_001-用户名正确 密码正确 查看是否登录成功_//div[contains(@class,'wf-left-shift')]/div[3]//div[contains(@class,'wfm-btn-group')]/div[2]-click点击完成         ----
2021-01-19 15:45:26,320  - INFO - ----  test_001_login_001-用户名正确 密码正确 查看是否登录成功_//div[contains(@class,'wfm-setting-button')]-click保存配置信息         ----
2021-01-19 15:45:28,613  - INFO - ----  test_001_login_001-用户名正确 密码正确 查看是否登录成功_notice- 验证是否登录成功         ----
2021-01-19 15:48:34,270  - INFO - ----  test_001_login_001-用户名正确 密码正确 查看是否登录成功_//div[contains(@class,'active')]//div[contains(@class,'skip')]-click跳过         ----
2021-01-19 15:48:35,623  - INFO - ----  test_001_login_001-用户名正确 密码正确 查看是否登录成功_//img[contains(@class,'wf-setting-btn')]-click设置服务器         ----
2021-01-19 15:48:36,392  - INFO - ----  test_001_login_001-用户名正确 密码正确 查看是否登录成功_//div[contains(@class,'wf-left-shift')]/div[2]//input-set_value服务器文本框http://10.10.88.198/WorkForce        ----
2021-01-19 15:48:36,721  - INFO - ----  test_001_login_001-用户名正确 密码正确 查看是否登录成功_//div[contains(@class,'wf-left-shift')]/div[3]/div[1]-click选择语言         ----
2021-01-19 15:48:37,361  - INFO - ----  test_001_login_001-用户名正确 密码正确 查看是否登录成功_滑动选择        ----
2021-01-19 15:48:37,376  - INFO - ----  test_001_login_001-用户名正确 密码正确 查看是否登录成功_//div[contains(@class,'wf-left-shift')]/div[3]//div[contains(@class,'picker-selected')]-get_value当前old选中值         ----
2021-01-19 15:48:37,970  - INFO - ----  test_001_login_001-用户名正确 密码正确 查看是否登录成功_//div[contains(@class,'wf-left-shift')]/div[3]//div[contains(@class,'wfm-btn-group')]/div[2]-click点击完成         ----
2021-01-19 15:48:38,711  - INFO - ----  test_001_login_001-用户名正确 密码正确 查看是否登录成功_//div[contains(@class,'wfm-setting-button')]-click保存配置信息         ----
2021-01-19 15:48:40,823  - INFO - ----  test_001_login_001-用户名正确 密码正确 查看是否登录成功_notice- 验证是否登录成功         ----
2021-01-19 15:53:15,341  - INFO - ----  test_001_login_001-用户名正确 密码正确 查看是否登录成功_//div[contains(@class,'active')]//div[contains(@class,'skip')]-click跳过         ----
2021-01-19 15:53:17,113  - INFO - ----  test_001_login_001-用户名正确 密码正确 查看是否登录成功_//img[contains(@class,'wf-setting-btn')]-click设置服务器         ----
2021-01-19 15:53:17,917  - INFO - ----  test_001_login_001-用户名正确 密码正确 查看是否登录成功_//div[contains(@class,'wf-left-shift')]/div[2]//input-set_value服务器文本框http://10.10.88.198/WorkForce        ----
2021-01-19 15:53:18,386  - INFO - ----  test_001_login_001-用户名正确 密码正确 查看是否登录成功_//div[contains(@class,'wf-left-shift')]/div[3]/div[1]-click选择语言         ----
2021-01-19 15:53:19,043  - INFO - ----  test_001_login_001-用户名正确 密码正确 查看是否登录成功_滑动选择        ----
2021-01-19 15:53:19,060  - INFO - ----  test_001_login_001-用户名正确 密码正确 查看是否登录成功_//div[contains(@class,'wf-left-shift')]/div[3]//div[contains(@class,'picker-selected')]-get_value当前old选中值         ----
2021-01-19 15:53:19,666  - INFO - ----  test_001_login_001-用户名正确 密码正确 查看是否登录成功_//div[contains(@class,'wf-left-shift')]/div[3]//div[contains(@class,'wfm-btn-group')]/div[2]-click点击完成         ----
2021-01-19 15:53:20,419  - INFO - ----  test_001_login_001-用户名正确 密码正确 查看是否登录成功_//div[contains(@class,'wfm-setting-button')]-click保存配置信息         ----
2021-01-19 15:53:22,649  - INFO - ----  test_001_login_001-用户名正确 密码正确 查看是否登录成功_notice- 验证是否登录成功         ----
2021-01-19 15:59:01,978  - INFO - ----  test_001_login_001-用户名正确 密码正确 查看是否登录成功_//div[contains(@class,'active')]//div[contains(@class,'skip')]-click跳过         ----
2021-01-19 15:59:10,994  - INFO - ----  test_001_login_001-用户名正确 密码正确 查看是否登录成功_//img[contains(@class,'wf-setting-btn')]-click设置服务器         ----
2021-01-19 15:59:37,365  - INFO - ----  test_001_login_001-用户名正确 密码正确 查看是否登录成功_//div[contains(@class,'wf-left-shift')]/div[2]//input-set_value服务器文本框http://10.10.88.198/WorkForce        ----
2021-01-19 15:59:59,624  - INFO - ----  test_001_login_001-用户名正确 密码正确 查看是否登录成功_//div[contains(@class,'wf-left-shift')]/div[3]/div[1]-click选择语言         ----
2021-01-19 16:00:18,854  - INFO - ----  test_001_login_001-用户名正确 密码正确 查看是否登录成功_滑动选择        ----
2021-01-19 16:00:18,873  - INFO - ----  test_001_login_001-用户名正确 密码正确 查看是否登录成功_//div[contains(@class,'wf-left-shift')]/div[3]//div[contains(@class,'picker-selected')]-get_value当前old选中值         ----
2021-01-19 16:00:19,482  - INFO - ----  test_001_login_001-用户名正确 密码正确 查看是否登录成功_//div[contains(@class,'wf-left-shift')]/div[3]//div[contains(@class,'wfm-btn-group')]/div[2]-click点击完成         ----
2021-01-19 16:00:20,231  - INFO - ----  test_001_login_001-用户名正确 密码正确 查看是否登录成功_//div[contains(@class,'wfm-setting-button')]-click保存配置信息         ----
2021-01-19 16:00:22,494  - INFO - ----  test_001_login_001-用户名正确 密码正确 查看是否登录成功_notice- 验证是否登录成功         ----
